<?xml version="1.0" encoding="UTF-8"?>
<!-- Generated by org.testng.reporters.JUnitReportReporter -->
<testsuite hostname="SIPL92" failures="0" tests="1" name="netAgent_Reports.Reports" time="271.542" errors="0" timestamp="2022-06-17T11:49:19 IST" skipped="0">
  <testcase classname="netAgent_Reports.Reports" name="testAllReports" time="271.542"/>
  <system-out/>
</testsuite> <!-- netAgent_Reports.Reports -->
