<?xml version="1.0" encoding="UTF-8"?>
<!-- Generated by org.testng.reporters.JUnitReportReporter -->
<testsuite hostname="SIPL92" failures="0" tests="1" name="netAgent_OperationsTab.OrderProcessing" time="481.967" errors="0" timestamp="2023-01-31T13:06:05 IST" skipped="0">
  <testcase classname="netAgent_OperationsTab.OrderProcessing" name="orderProcessing" time="481.967"/>
  <system-out/>
</testsuite> <!-- netAgent_OperationsTab.OrderProcessing -->
