<?xml version="1.0" encoding="UTF-8"?>
<!-- Generated by org.testng.reporters.JUnitReportReporter -->
<testsuite hostname="SIPL92" failures="0" tests="1" name="netAgent_OrderProcessing.LOC_OrderProcess" time="392.677" errors="0" timestamp="2023-01-05T17:34:48 IST" skipped="0">
  <testcase classname="netAgent_OrderProcessing.LOC_OrderProcess" name="orderProcessLOCJOB" time="392.677"/>
  <system-out/>
</testsuite> <!-- netAgent_OrderProcessing.LOC_OrderProcess -->
