<?xml version="1.0" encoding="UTF-8"?>
<!-- Generated by org.testng.reporters.JUnitReportReporter -->
<testsuite hostname="SIPL92" failures="0" tests="1" name="netAgent_OrderProcess.AllOrderCreation" time="2199.019" errors="0" timestamp="2023-11-16T19:19:38 IST" skipped="0">
  <testcase classname="netAgent_OrderProcess.AllOrderCreation" name="allOrderCreation" time="2199.019"/>
  <system-out/>
</testsuite> <!-- netAgent_OrderProcess.AllOrderCreation -->
