<?xml version="1.0" encoding="UTF-8"?>
<!-- Generated by org.testng.reporters.JUnitReportReporter -->
<testsuite hostname="SIPL92" failures="0" tests="1" name="netAgent_OrderProcessing.SD_OrderProcess" time="247.419" errors="0" timestamp="2023-01-05T17:44:04 IST" skipped="0">
  <testcase classname="netAgent_OrderProcessing.SD_OrderProcess" name="orderProcessSDJOB" time="247.419"/>
  <system-out/>
</testsuite> <!-- netAgent_OrderProcessing.SD_OrderProcess -->
