<?xml version="1.0" encoding="UTF-8"?>
<!-- Generated by org.testng.reporters.JUnitReportReporter -->
<testsuite hostname="SIPL92" failures="0" tests="2" name="netAgent_OrderProcess.OrderProcessFromNA" time="6062.965" errors="0" timestamp="2023-06-19T12:01:40 IST" skipped="0">
  <testcase classname="netAgent_OrderProcess.OrderProcessFromNA" name="naOrderProcess" time="4760.389"/>
  <system-out/>
  <testcase classname="netAgent_OrderProcess.OrderProcessFromNA" name="OrderCreationConnect" time="1302.576"/>
  <system-out/>
</testsuite> <!-- netAgent_OrderProcess.OrderProcessFromNA -->
