<?xml version="1.0" encoding="UTF-8"?>
<!-- Generated by org.testng.reporters.JUnitReportReporter -->
<testsuite hostname="SIPL92" failures="0" tests="1" name="netAgent_OrderProcess.AllOrderCreation" time="1514.041" errors="0" timestamp="2024-02-13T14:19:19 IST" skipped="0">
  <testcase classname="netAgent_OrderProcess.AllOrderCreation" name="allOrderCreation" time="1514.041"/>
  <system-out/>
</testsuite> <!-- netAgent_OrderProcess.AllOrderCreation -->
