<?xml version="1.0" encoding="UTF-8"?>
<!-- Generated by org.testng.reporters.JUnitReportReporter -->
<testsuite hostname="SIPL92" failures="0" tests="2" name="connect_OCBaseMethods.StartUp" time="49.101" errors="0" timestamp="2023-06-15T13:23:59 IST" skipped="0">
  <testcase classname="connect_OCBaseMethods.StartUp" name="startup" time="48.886"/>
  <system-out/>
  <testcase classname="connect_OCBaseMethods.StartUp" name="endup" time="0.215"/>
  <system-out/>
</testsuite> <!-- connect_OCBaseMethods.StartUp -->
