<?xml version="1.0" encoding="UTF-8"?>
<!-- Generated by org.testng.reporters.JUnitReportReporter -->
<testsuite hostname="SIPL92" failures="0" tests="1" name="connect_OrderProcessNonSPL.LOC" time="1443.183" errors="0" timestamp="2023-06-15T13:23:59 IST" skipped="0">
  <testcase classname="connect_OrderProcessNonSPL.LOC" name="locLocal" time="1443.183"/>
  <system-out/>
</testsuite> <!-- connect_OrderProcessNonSPL.LOC -->
