<?xml version="1.0" encoding="UTF-8"?>
<!-- Generated by org.testng.reporters.JUnitReportReporter -->
<testsuite hostname="SIPL92" failures="0" tests="1" name="netAgent_Inventory.CycleCountBin" time="9.600" errors="0" timestamp="2023-06-07T12:05:34 IST" skipped="0">
  <testcase classname="netAgent_Inventory.CycleCountBin" name="cycleCountBIN" time="9.600"/>
  <system-out/>
</testsuite> <!-- netAgent_Inventory.CycleCountBin -->
