<?xml version="1.0" encoding="UTF-8"?>
<!-- Generated by org.testng.reporters.JUnitReportReporter -->
<testsuite hostname="SIPL92" failures="0" tests="1" name="netAgent_OrderProcess.AllOrderCreation" time="224.272" errors="0" timestamp="2024-03-15T17:15:13 IST" skipped="0">
  <testcase classname="netAgent_OrderProcess.AllOrderCreation" name="allOrderCreation" time="224.272"/>
  <system-out/>
</testsuite> <!-- netAgent_OrderProcess.AllOrderCreation -->
