<?xml version="1.0" encoding="UTF-8"?>
<!-- Generated by org.testng.reporters.JUnitReportReporter -->
<testsuite hostname="SIPL92" failures="0" tests="1" name="netAgent_OrderProcess.AllOrderCreation" time="3804.109" errors="0" timestamp="2023-12-26T15:09:33 IST" skipped="0">
  <testcase classname="netAgent_OrderProcess.AllOrderCreation" name="allOrderCreation" time="3804.109"/>
  <system-out/>
</testsuite> <!-- netAgent_OrderProcess.AllOrderCreation -->
