<?xml version="1.0" encoding="UTF-8"?>
<!-- Generated by org.testng.reporters.JUnitReportReporter -->
<<<<<<< HEAD
<testsuite hostname="SIPL92" failures="0" tests="1" name="netAgent_OrderProcessing.D3P_OrderProcess" time="141.648" errors="0" timestamp="2023-04-17T20:53:33 IST" skipped="0">
  <testcase classname="netAgent_OrderProcessing.D3P_OrderProcess" name="orderProcessD3PJOB" time="141.648"/>
=======
<testsuite hostname="SIPL92" failures="0" tests="1" name="netAgent_OrderProcessing.D3P_OrderProcess" time="346.122" errors="0" timestamp="2023-01-05T17:59:35 IST" skipped="0">
  <testcase classname="netAgent_OrderProcessing.D3P_OrderProcess" name="orderProcessD3PJOB" time="346.122"/>
>>>>>>> branch 'master' of https://github.com/RavinaSamyak01/NetAgent.git
  <system-out/>
</testsuite> <!-- netAgent_OrderProcessing.D3P_OrderProcess -->
