<?xml version="1.0" encoding="UTF-8"?>
<!-- Generated by org.testng.reporters.JUnitReportReporter -->
<testsuite hostname="SIPL92" failures="0" tests="1" name="netAgent_OrderProcessing.Replenish_OrderProcess" time="76.693" errors="0" timestamp="2023-01-05T18:20:51 IST" skipped="0">
  <testcase classname="netAgent_OrderProcessing.Replenish_OrderProcess" name="orderProcessReplenishJOB" time="76.693"/>
  <system-out/>
</testsuite> <!-- netAgent_OrderProcessing.Replenish_OrderProcess -->
