<?xml version="1.0" encoding="UTF-8"?>
<!-- Generated by org.testng.reporters.JUnitReportReporter -->
<testsuite hostname="SIPL92" failures="0" tests="1" name="netAgent_OperationsTab.TaskLog" time="52.574" errors="0" timestamp="2023-06-07T12:59:02 IST" skipped="0">
  <testcase classname="netAgent_OperationsTab.TaskLog" name="taskLog" time="52.574"/>
  <system-out/>
</testsuite> <!-- netAgent_OperationsTab.TaskLog -->
