<?xml version="1.0" encoding="UTF-8"?>
<!-- Generated by org.testng.reporters.JUnitReportReporter -->
<testsuite hostname="SIPL92" failures="0" tests="1" name="netAgent_OrderProcessing.T3PLAST_OrderProcess" time="527.092" errors="0" timestamp="2022-07-06T13:06:43 IST" skipped="0">
  <testcase classname="netAgent_OrderProcessing.T3PLAST_OrderProcess" name="orderProcess3PLASTJOB" time="527.092"/>
  <system-out/>
</testsuite> <!-- netAgent_OrderProcessing.T3PLAST_OrderProcess -->
