<?xml version="1.0" encoding="UTF-8"?>
<!-- Generated by org.testng.reporters.JUnitReportReporter -->
<testsuite hostname="SIPL92" failures="0" tests="1" name="netAgent_Admin.UserList" time="28.275" errors="0" timestamp="2023-06-07T12:05:34 IST" skipped="0">
  <testcase classname="netAgent_Admin.UserList" name="userlist" time="28.275"/>
  <system-out/>
</testsuite> <!-- netAgent_Admin.UserList -->
