<?xml version="1.0" encoding="UTF-8"?>
<!-- Generated by org.testng.reporters.JUnitReportReporter -->
<testsuite hostname="SIPL30" failures="0" tests="1" name="netAgent_OperationsTab.Replenish" time="30.098" errors="0" timestamp="2023-08-31T11:54:10 IST" skipped="0">
  <testcase classname="netAgent_OperationsTab.Replenish" name="replenish" time="30.098"/>
  <system-out/>
</testsuite> <!-- netAgent_OperationsTab.Replenish -->
