<?xml version="1.0" encoding="UTF-8"?>
<!-- Generated by org.testng.reporters.JUnitReportReporter -->
<testsuite hostname="SIPL92" failures="0" tests="1" name="netAgent_OrderProcessing.RETURN_OrderProcess" time="117.926" errors="0" timestamp="2022-07-20T17:50:01 IST" skipped="0">
  <testcase classname="netAgent_OrderProcessing.RETURN_OrderProcess" name="orderProcessRETURNJOB" time="117.926"/>
  <system-out/>
</testsuite> <!-- netAgent_OrderProcessing.RETURN_OrderProcess -->
