<?xml version="1.0" encoding="UTF-8"?>
<!-- Generated by org.testng.reporters.JUnitReportReporter -->
<testsuite hostname="SIPL92" failures="0" tests="1" name="netAgent_OrderProcess.OrderProcessFromNA" time="0.520" errors="0" timestamp="2023-05-18T09:44:45 IST" skipped="0">
  <testcase classname="netAgent_OrderProcess.OrderProcessFromNA" name="naOrderProcess" time="0.520"/>
  <system-out/>
</testsuite> <!-- netAgent_OrderProcess.OrderProcessFromNA -->
