<?xml version="1.0" encoding="UTF-8"?>
<!-- Generated by org.testng.reporters.JUnitReportReporter -->
<testsuite hostname="SIPL92" failures="0" tests="1" name="netAgent_Reports.AgentActivityChart" time="32.190" errors="0" timestamp="2023-06-07T12:05:34 IST" skipped="0">
  <testcase classname="netAgent_Reports.AgentActivityChart" name="AgentActivityChartReport" time="32.190"/>
  <system-out/>
</testsuite> <!-- netAgent_Reports.AgentActivityChart -->
