<?xml version="1.0" encoding="UTF-8"?>
<!-- Generated by org.testng.reporters.JUnitReportReporter -->
<testsuite hostname="SIPL92" failures="0" tests="1" name="netAgent_OrderProcessing.RTE_OrderProcess" time="97.932" errors="0" timestamp="2022-07-20T19:11:50 IST" skipped="0">
  <testcase classname="netAgent_OrderProcessing.RTE_OrderProcess" name="orderProcessRTEJOB" time="97.932"/>
  <system-out/>
</testsuite> <!-- netAgent_OrderProcessing.RTE_OrderProcess -->
