<?xml version="1.0" encoding="UTF-8"?>
<!-- Generated by org.testng.reporters.JUnitReportReporter -->
<testsuite hostname="SIPL92" failures="0" tests="1" name="netAgent_OrderProcessing.H3P_OrderProcess" time="112.346" errors="0" timestamp="2023-01-05T18:08:37 IST" skipped="0">
  <testcase classname="netAgent_OrderProcessing.H3P_OrderProcess" name="orderProcessH3PJOB" time="112.346"/>
  <system-out/>
</testsuite> <!-- netAgent_OrderProcessing.H3P_OrderProcess -->
